add device 1: /dev/input/event0
  name:     "Power Button"
add device 2: /dev/input/event1
  name:     "qwerty2"
[    3156.227832] /dev/input/event1: 0003 0039 00000000
[    3156.227832] /dev/input/event1: 0003 0035 00005901
[    3156.227832] /dev/input/event1: 0003 0036 000017ee
[    3156.227832] /dev/input/event1: 0003 003a 00000400
[    3156.227832] /dev/input/event1: 0000 0000 00000000
[    3156.235658] /dev/input/event1: 0003 003a 00000000
[    3156.235658] /dev/input/event1: 0003 0039 ffffffff
[    3156.235658] /dev/input/event1: 0000 0000 00000000
[    3157.256367] /dev/input/event1: 0003 0039 00000000
[    3157.256367] /dev/input/event1: 0003 003a 00000400
[    3157.256367] /dev/input/event1: 0000 0000 00000000
[    3157.336024] /dev/input/event1: 0003 003a 00000000
[    3157.336024] /dev/input/event1: 0003 0039 ffffffff
[    3157.336024] /dev/input/event1: 0000 0000 00000000
[    3158.032962] /dev/input/event1: 0003 0039 00000000
[    3158.032962] /dev/input/event1: 0003 003a 00000400
[    3158.032962] /dev/input/event1: 0000 0000 00000000
[    3158.067083] /dev/input/event1: 0003 003a 00000000
[    3158.067083] /dev/input/event1: 0003 0039 ffffffff
[    3158.067083] /dev/input/event1: 0000 0000 00000000
[    3158.730749] /dev/input/event1: 0003 0039 00000000
[    3158.730749] /dev/input/event1: 0003 003a 00000400
[    3158.730749] /dev/input/event1: 0000 0000 00000000
[    3158.774927] /dev/input/event1: 0003 003a 00000000
[    3158.774927] /dev/input/event1: 0003 0039 ffffffff
[    3158.774927] /dev/input/event1: 0000 0000 00000000
[    3159.326900] /dev/input/event1: 0003 0039 00000000
[    3159.326900] /dev/input/event1: 0003 0035 0000580e
[    3159.326900] /dev/input/event1: 0003 003a 00000400
[    3159.326900] /dev/input/event1: 0000 0000 00000000
[    3159.359717] /dev/input/event1: 0003 003a 00000000
[    3159.359717] /dev/input/event1: 0003 0039 ffffffff
[    3159.359717] /dev/input/event1: 0000 0000 00000000
[    3160.046446] /dev/input/event1: 0003 0039 00000000
[    3160.046446] /dev/input/event1: 0003 003a 00000400
[    3160.046446] /dev/input/event1: 0000 0000 00000000
[    3160.113777] /dev/input/event1: 0003 003a 00000000
[    3160.113777] /dev/input/event1: 0003 0039 ffffffff
[    3160.113777] /dev/input/event1: 0000 0000 00000000
[    3160.811323] /dev/input/event1: 0003 0039 00000000
[    3160.811323] /dev/input/event1: 0003 003a 00000400
[    3160.811323] /dev/input/event1: 0000 0000 00000000
[    3160.867771] /dev/input/event1: 0003 003a 00000000
[    3160.867771] /dev/input/event1: 0003 0039 ffffffff
[    3160.867771] /dev/input/event1: 0000 0000 00000000
[    3165.661229] /dev/input/event1: 0003 0039 00000000
[    3165.661229] /dev/input/event1: 0003 0035 00006350
[    3165.661229] /dev/input/event1: 0003 0036 00001933
[    3165.661229] /dev/input/event1: 0003 003a 00000400
[    3165.661229] /dev/input/event1: 0000 0000 00000000
[    3165.750104] /dev/input/event1: 0003 003a 00000000
[    3165.750104] /dev/input/event1: 0003 0039 ffffffff
[    3165.750104] /dev/input/event1: 0000 0000 00000000
[    3167.180495] /dev/input/event1: 0003 0039 00000000
[    3167.180495] /dev/input/event1: 0003 0035 00004eb1
[    3167.180495] /dev/input/event1: 0003 0036 00002243
[    3167.180495] /dev/input/event1: 0003 003a 00000400
[    3167.180495] /dev/input/event1: 0000 0000 00000000
[    3167.281411] /dev/input/event1: 0003 003a 00000000
[    3167.281411] /dev/input/event1: 0003 0039 ffffffff
[    3167.281411] /dev/input/event1: 0000 0000 00000000
[    3170.250848] /dev/input/event1: 0003 0039 00000000
[    3170.250848] /dev/input/event1: 0003 0035 00002d64
[    3170.250848] /dev/input/event1: 0003 0036 00002a88
[    3170.250848] /dev/input/event1: 0003 003a 00000400
[    3170.250848] /dev/input/event1: 0000 0000 00000000
[    3170.328387] /dev/input/event1: 0003 003a 00000000
[    3170.328387] /dev/input/event1: 0003 0039 ffffffff
[    3170.328387] /dev/input/event1: 0000 0000 00000000
[    3173.074682] /dev/input/event1: 0003 0039 00000000
[    3173.074682] /dev/input/event1: 0003 0035 000038e3
[    3173.074682] /dev/input/event1: 0003 0036 00002ccc
[    3173.074682] /dev/input/event1: 0003 003a 00000400
[    3173.074682] /dev/input/event1: 0000 0000 00000000
[    3173.186969] /dev/input/event1: 0003 003a 00000000
[    3173.186969] /dev/input/event1: 0003 0039 ffffffff
[    3173.186969] /dev/input/event1: 0000 0000 00000000
[    3176.596039] /dev/input/event1: 0003 0039 00000000
[    3176.596039] /dev/input/event1: 0003 0035 00004cea
[    3176.596039] /dev/input/event1: 0003 0036 000065dd
[    3176.596039] /dev/input/event1: 0003 003a 00000400
[    3176.596039] /dev/input/event1: 0000 0000 00000000
[    3176.663258] /dev/input/event1: 0003 003a 00000000
[    3176.663258] /dev/input/event1: 0003 0039 ffffffff
[    3176.663258] /dev/input/event1: 0000 0000 00000000
[    3177.856059] /dev/input/event1: 0003 0039 00000000
[    3177.856059] /dev/input/event1: 0003 0035 00005f49
[    3177.856059] /dev/input/event1: 0003 0036 000050aa
[    3177.856059] /dev/input/event1: 0003 003a 00000400
[    3177.856059] /dev/input/event1: 0000 0000 00000000
[    3177.934176] /dev/input/event1: 0003 003a 00000000
[    3177.934176] /dev/input/event1: 0003 0039 ffffffff
[    3177.934176] /dev/input/event1: 0000 0000 00000000
[    3179.262576] /dev/input/event1: 0003 0039 00000000
[    3179.262576] /dev/input/event1: 0003 0035 00002d27
[    3179.262576] /dev/input/event1: 0003 003a 00000400
[    3179.262576] /dev/input/event1: 0000 0000 00000000
[    3179.352449] /dev/input/event1: 0003 003a 00000000
[    3179.352449] /dev/input/event1: 0003 0039 ffffffff
[    3179.352449] /dev/input/event1: 0000 0000 00000000
[    3180.477355] /dev/input/event1: 0003 0039 00000000
[    3180.477355] /dev/input/event1: 0003 0035 00003a30
[    3180.477355] /dev/input/event1: 0003 0036 000050dd
[    3180.477355] /dev/input/event1: 0003 003a 00000400
[    3180.477355] /dev/input/event1: 0000 0000 00000000
[    3180.578792] /dev/input/event1: 0003 003a 00000000
[    3180.578792] /dev/input/event1: 0003 0039 ffffffff
[    3180.578792] /dev/input/event1: 0000 0000 00000000
[    3181.874067] /dev/input/event1: 0003 0039 00000000
[    3181.874067] /dev/input/event1: 0003 0035 00004b05
[    3181.874067] /dev/input/event1: 0003 0036 00005b87
[    3181.874067] /dev/input/event1: 0003 003a 00000400
[    3181.874067] /dev/input/event1: 0000 0000 00000000
[    3181.961515] /dev/input/event1: 0003 003a 00000000
[    3181.961515] /dev/input/event1: 0003 0039 ffffffff
[    3181.961515] /dev/input/event1: 0000 0000 00000000
[    3183.750931] /dev/input/event1: 0003 0039 00000000
[    3183.750931] /dev/input/event1: 0003 0035 00001920
[    3183.750931] /dev/input/event1: 0003 0036 00007bba
[    3183.750931] /dev/input/event1: 0003 003a 00000400
[    3183.750931] /dev/input/event1: 0000 0000 00000000
[    3183.829146] /dev/input/event1: 0003 003a 00000000
[    3183.829146] /dev/input/event1: 0003 0039 ffffffff
[    3183.829146] /dev/input/event1: 0000 0000 00000000
[    3185.483375] /dev/input/event1: 0003 0039 00000000
[    3185.483375] /dev/input/event1: 0003 0035 0000393e
[    3185.483375] /dev/input/event1: 0003 0036 00004f43
[    3185.483375] /dev/input/event1: 0003 003a 00000400
[    3185.483375] /dev/input/event1: 0000 0000 00000000
[    3185.595998] /dev/input/event1: 0003 003a 00000000
[    3185.595998] /dev/input/event1: 0003 0039 ffffffff
[    3185.595998] /dev/input/event1: 0000 0000 00000000
[    3188.791413] /dev/input/event1: 0003 0039 00000000
[    3188.791413] /dev/input/event1: 0003 0035 00003b23
[    3188.791413] /dev/input/event1: 0003 0036 000009cc
[    3188.791413] /dev/input/event1: 0003 003a 00000400
[    3188.791413] /dev/input/event1: 0000 0000 00000000
[    3188.880590] /dev/input/event1: 0003 003a 00000000
[    3188.880590] /dev/input/event1: 0003 0039 ffffffff
[    3188.880590] /dev/input/event1: 0000 0000 00000000
[    3193.606864] /dev/input/event1: 0003 0039 00000000
[    3193.606864] /dev/input/event1: 0003 0035 00003999
[    3193.606864] /dev/input/event1: 0003 0036 000032ee
[    3193.606864] /dev/input/event1: 0003 003a 00000400
[    3193.606864] /dev/input/event1: 0000 0000 00000000
[    3193.718348] /dev/input/event1: 0003 003a 00000000
[    3193.718348] /dev/input/event1: 0003 0039 ffffffff
[    3193.718348] /dev/input/event1: 0000 0000 00000000
[    3196.284102] /dev/input/event1: 0003 0039 00000000
[    3196.284102] /dev/input/event1: 0003 0035 00003d45
[    3196.284102] /dev/input/event1: 0003 0036 00005da9
[    3196.284102] /dev/input/event1: 0003 003a 00000400
[    3196.284102] /dev/input/event1: 0000 0000 00000000
[    3196.396458] /dev/input/event1: 0003 003a 00000000
[    3196.396458] /dev/input/event1: 0003 0039 ffffffff
[    3196.396458] /dev/input/event1: 0000 0000 00000000
[    3202.021553] /dev/input/event1: 0003 0039 00000000
[    3202.021553] /dev/input/event1: 0003 0035 00003e93
[    3202.021553] /dev/input/event1: 0003 0036 00003a99
[    3202.021553] /dev/input/event1: 0003 003a 00000400
[    3202.021553] /dev/input/event1: 0000 0000 00000000
[    3202.122292] /dev/input/event1: 0003 003a 00000000
[    3202.122292] /dev/input/event1: 0003 0039 ffffffff
[    3202.122292] /dev/input/event1: 0000 0000 00000000
[    3203.709563] /dev/input/event1: 0003 0039 00000000
[    3203.709563] /dev/input/event1: 0003 0035 000057d1
[    3203.709563] /dev/input/event1: 0003 0036 00005b87
[    3203.709563] /dev/input/event1: 0003 003a 00000400
[    3203.709563] /dev/input/event1: 0000 0000 00000000
[    3203.787429] /dev/input/event1: 0003 003a 00000000
[    3203.787429] /dev/input/event1: 0003 0039 ffffffff
[    3203.787429] /dev/input/event1: 0000 0000 00000000
[    3204.620807] /dev/input/event1: 0003 0039 00000000
[    3204.620807] /dev/input/event1: 0003 0035 00003351
[    3204.620807] /dev/input/event1: 0003 0036 00007221
[    3204.620807] /dev/input/event1: 0003 003a 00000400
[    3204.620807] /dev/input/event1: 0000 0000 00000000
[    3204.732309] /dev/input/event1: 0003 003a 00000000
[    3204.732309] /dev/input/event1: 0003 0039 ffffffff
[    3204.732309] /dev/input/event1: 0000 0000 00000000
[    3205.903645] /dev/input/event1: 0003 0039 00000000
[    3205.903645] /dev/input/event1: 0003 0035 00002c34
[    3205.903645] /dev/input/event1: 0003 0036 00002aaa
[    3205.903645] /dev/input/event1: 0003 003a 00000400
[    3205.903645] /dev/input/event1: 0000 0000 00000000
[    3205.969909] /dev/input/event1: 0003 003a 00000000
[    3205.969909] /dev/input/event1: 0003 0039 ffffffff
[    3205.969909] /dev/input/event1: 0000 0000 00000000
[    3209.413915] /dev/input/event1: 0003 0039 00000000
[    3209.413915] /dev/input/event1: 0003 0035 00001333
[    3209.413915] /dev/input/event1: 0003 0036 000050dd
[    3209.413915] /dev/input/event1: 0003 003a 00000400
[    3209.413915] /dev/input/event1: 0000 0000 00000000
[    3209.457696] /dev/input/event1: 0003 003a 00000000
[    3209.457696] /dev/input/event1: 0003 0039 ffffffff
[    3209.457696] /dev/input/event1: 0000 0000 00000000
[    3209.491630] /dev/input/event1: 0003 0039 00000000
[    3209.491630] /dev/input/event1: 0003 003a 00000400
[    3209.491630] /dev/input/event1: 0000 0000 00000000
[    3209.525289] /dev/input/event1: 0003 003a 00000000
[    3209.525289] /dev/input/event1: 0003 0039 ffffffff
[    3209.525289] /dev/input/event1: 0000 0000 00000000
[    3210.392192] /dev/input/event1: 0003 0039 00000000
[    3210.392192] /dev/input/event1: 0003 0035 00003221
[    3210.392192] /dev/input/event1: 0003 0036 00005c10
[    3210.392192] /dev/input/event1: 0003 003a 00000400
[    3210.392192] /dev/input/event1: 0000 0000 00000000
[    3210.481234] /dev/input/event1: 0003 003a 00000000
[    3210.481234] /dev/input/event1: 0003 0039 ffffffff
[    3210.481234] /dev/input/event1: 0000 0000 00000000
[    3212.181269] /dev/input/event1: 0003 0039 00000000
[    3212.181269] /dev/input/event1: 0003 0035 00003443
[    3212.181269] /dev/input/event1: 0003 0036 00007110
[    3212.181269] /dev/input/event1: 0003 003a 00000400
[    3212.181269] /dev/input/event1: 0000 0000 00000000
[    3212.237405] /dev/input/event1: 0003 003a 00000000
[    3212.237405] /dev/input/event1: 0003 0039 ffffffff
[    3212.237405] /dev/input/event1: 0000 0000 00000000
[    3213.474404] /dev/input/event1: 0003 0039 00000000
[    3213.474404] /dev/input/event1: 0003 0035 00006f2a
[    3213.474404] /dev/input/event1: 0003 0036 00006698
[    3213.474404] /dev/input/event1: 0003 003a 00000400
[    3213.474404] /dev/input/event1: 0000 0000 00000000
[    3213.552378] /dev/input/event1: 0003 003a 00000000
[    3213.552378] /dev/input/event1: 0003 0039 ffffffff
[    3213.552378] /dev/input/event1: 0000 0000 00000000
[    3213.868065] /dev/input/event1: 0003 0039 00000000
[    3213.868065] /dev/input/event1: 0003 0035 00006fc2
[    3213.868065] /dev/input/event1: 0003 0036 00006665
[    3213.868065] /dev/input/event1: 0003 003a 00000400
[    3213.868065] /dev/input/event1: 0000 0000 00000000
[    3213.947108] /dev/input/event1: 0003 003a 00000000
[    3213.947108] /dev/input/event1: 0003 0039 ffffffff
[    3213.947108] /dev/input/event1: 0000 0000 00000000
[    3214.182958] /dev/input/event1: 0003 0039 00000000
[    3214.182958] /dev/input/event1: 0003 0035 00006fff
[    3214.182958] /dev/input/event1: 0003 003a 00000400
[    3214.182958] /dev/input/event1: 0000 0000 00000000
[    3214.272959] /dev/input/event1: 0003 003a 00000000
[    3214.272959] /dev/input/event1: 0003 0039 ffffffff
[    3214.272959] /dev/input/event1: 0000 0000 00000000
[    3214.915128] /dev/input/event1: 0003 0039 00000000
[    3214.915128] /dev/input/event1: 0003 0035 000036c0
[    3214.915128] /dev/input/event1: 0003 0036 00005bdd
[    3214.915128] /dev/input/event1: 0003 003a 00000400
[    3214.915128] /dev/input/event1: 0000 0000 00000000
[    3215.026657] /dev/input/event1: 0003 003a 00000000
[    3215.026657] /dev/input/event1: 0003 0039 ffffffff
[    3215.026657] /dev/input/event1: 0000 0000 00000000
[    3215.556489] /dev/input/event1: 0003 0039 00000000
[    3215.556489] /dev/input/event1: 0003 0035 000037f0
[    3215.556489] /dev/input/event1: 0003 0036 00007254
[    3215.556489] /dev/input/event1: 0003 003a 00000400
[    3215.556489] /dev/input/event1: 0000 0000 00000000
[    3215.556732] /dev/input/event1: 0003 0035 000037b3
[    3215.556732] /dev/input/event1: 0003 0036 00007276
[    3215.556732] /dev/input/event1: 0000 0000 00000000
[    3215.576240] /dev/input/event1: 0003 0036 000072a9
[    3215.576240] /dev/input/event1: 0000 0000 00000000
[    3215.599236] /dev/input/event1: 0003 0035 00003758
[    3215.599236] /dev/input/event1: 0000 0000 00000000
[    3215.657257] /dev/input/event1: 0003 003a 00000000
[    3215.657257] /dev/input/event1: 0003 0039 ffffffff
[    3215.657257] /dev/input/event1: 0000 0000 00000000
[    3216.445130] /dev/input/event1: 0003 0039 00000000
[    3216.445130] /dev/input/event1: 0003 0035 00003f86
[    3216.445130] /dev/input/event1: 0003 0036 00002f66
[    3216.445130] /dev/input/event1: 0003 003a 00000400
[    3216.445130] /dev/input/event1: 0000 0000 00000000
[    3216.476395] /dev/input/event1: 0003 0035 00003f2b
[    3216.476395] /dev/input/event1: 0000 0000 00000000
[    3216.499009] /dev/input/event1: 0003 0036 00002f43
[    3216.499009] /dev/input/event1: 0000 0000 00000000
[    3216.535732] /dev/input/event1: 0003 003a 00000000
[    3216.535732] /dev/input/event1: 0003 0039 ffffffff
[    3216.535732] /dev/input/event1: 0000 0000 00000000
[    3219.436695] /dev/input/event1: 0003 0039 00000000
[    3219.436695] /dev/input/event1: 0003 0035 00001a12
[    3219.436695] /dev/input/event1: 0003 0036 00007a54
[    3219.436695] /dev/input/event1: 0003 003a 00000400
[    3219.436695] /dev/input/event1: 0000 0000 00000000
[    3219.516167] /dev/input/event1: 0003 003a 00000000
[    3219.516167] /dev/input/event1: 0003 0039 ffffffff
[    3219.516167] /dev/input/event1: 0000 0000 00000000
[    3221.587163] /dev/input/event1: 0003 0039 00000000
[    3221.587163] /dev/input/event1: 0003 0035 00004bf7
[    3221.587163] /dev/input/event1: 0003 0036 000021bb
[    3221.587163] /dev/input/event1: 0003 003a 00000400
[    3221.587163] /dev/input/event1: 0000 0000 00000000
[    3221.675115] /dev/input/event1: 0003 003a 00000000
[    3221.675115] /dev/input/event1: 0003 0039 ffffffff
[    3221.675115] /dev/input/event1: 0000 0000 00000000
[    3223.398287] /dev/input/event1: 0003 0039 00000000
[    3223.398287] /dev/input/event1: 0003 0035 0000438d
[    3223.398287] /dev/input/event1: 0003 0036 00004654
[    3223.398287] /dev/input/event1: 0003 003a 00000400
[    3223.398287] /dev/input/event1: 0000 0000 00000000
[    3223.441594] /dev/input/event1: 0003 003a 00000000
[    3223.441594] /dev/input/event1: 0003 0039 ffffffff
[    3223.441594] /dev/input/event1: 0000 0000 00000000
[    3224.443930] /dev/input/event1: 0003 0039 00000000
[    3224.443930] /dev/input/event1: 0003 0035 0000473a
[    3224.443930] /dev/input/event1: 0003 0036 000056cc
[    3224.443930] /dev/input/event1: 0003 003a 00000400
[    3224.443930] /dev/input/event1: 0000 0000 00000000
[    3224.532834] /dev/input/event1: 0003 003a 00000000
[    3224.532834] /dev/input/event1: 0003 0039 ffffffff
[    3224.532834] /dev/input/event1: 0000 0000 00000000
[    3225.253810] /dev/input/event1: 0003 0039 00000000
[    3225.253810] /dev/input/event1: 0003 0035 000034db
[    3225.253810] /dev/input/event1: 0003 0036 00002488
[    3225.253810] /dev/input/event1: 0003 003a 00000400
[    3225.253810] /dev/input/event1: 0000 0000 00000000
[    3225.365602] /dev/input/event1: 0003 003a 00000000
[    3225.365602] /dev/input/event1: 0003 0039 ffffffff
[    3225.365602] /dev/input/event1: 0000 0000 00000000
[    3226.322119] /dev/input/event1: 0003 0039 00000000
[    3226.322119] /dev/input/event1: 0003 0035 00001aaa
[    3226.322119] /dev/input/event1: 0003 0036 00007ca9
[    3226.322119] /dev/input/event1: 0003 003a 00000400
[    3226.322119] /dev/input/event1: 0000 0000 00000000
[    3226.367936] /dev/input/event1: 0003 003a 00000000
[    3226.367936] /dev/input/event1: 0003 0039 ffffffff
[    3226.367936] /dev/input/event1: 0000 0000 00000000
[    3230.721495] /dev/input/event1: 0003 0039 00000000
[    3230.721495] /dev/input/event1: 0003 0035 000067f0
[    3230.721495] /dev/input/event1: 0003 0036 00000b88
[    3230.721495] /dev/input/event1: 0003 003a 00000400
[    3230.721495] /dev/input/event1: 0000 0000 00000000
[    3230.730376] /dev/input/event1: 0003 0036 00000b55
[    3230.730376] /dev/input/event1: 0000 0000 00000000
[    3230.788810] /dev/input/event1: 0003 003a 00000000
[    3230.788810] /dev/input/event1: 0003 0039 ffffffff
[    3230.788810] /dev/input/event1: 0000 0000 00000000
[    3233.567211] /dev/input/event1: 0003 0039 00000000
[    3233.567211] /dev/input/event1: 0003 0035 000006c1
[    3233.567211] /dev/input/event1: 0003 0036 000073dc
[    3233.567211] /dev/input/event1: 0003 003a 00000400
[    3233.567211] /dev/input/event1: 0000 0000 00000000
[    3233.645765] /dev/input/event1: 0003 003a 00000000
[    3233.645765] /dev/input/event1: 0003 0039 ffffffff
[    3233.645765] /dev/input/event1: 0000 0000 00000000
[    3235.289273] /dev/input/event1: 0003 0039 00000000
[    3235.289273] /dev/input/event1: 0003 0035 00004f0c
[    3235.289273] /dev/input/event1: 0003 0036 00004e98
[    3235.289273] /dev/input/event1: 0003 003a 00000400
[    3235.289273] /dev/input/event1: 0000 0000 00000000
[    3235.331601] /dev/input/event1: 0003 0036 00004e65
[    3235.331601] /dev/input/event1: 0000 0000 00000000
[    3235.343637] /dev/input/event1: 0003 0036 00004e10
[    3235.343637] /dev/input/event1: 0000 0000 00000000
[    3235.355342] /dev/input/event1: 0003 0036 00004cdd
[    3235.355342] /dev/input/event1: 0000 0000 00000000
[    3235.365932] /dev/input/event1: 0003 0036 00004c54
[    3235.365932] /dev/input/event1: 0000 0000 00000000
[    3235.377742] /dev/input/event1: 0003 0036 00004b99
[    3235.377742] /dev/input/event1: 0000 0000 00000000
[    3235.389062] /dev/input/event1: 0003 0035 00004fa4
[    3235.389062] /dev/input/event1: 0003 0036 000048ff
[    3235.389062] /dev/input/event1: 0000 0000 00000000
[    3235.399724] /dev/input/event1: 0003 0035 0000503c
[    3235.399724] /dev/input/event1: 0003 0036 000047bb
[    3235.399724] /dev/input/event1: 0000 0000 00000000
[    3235.411227] /dev/input/event1: 0003 0035 000050f2
[    3235.411227] /dev/input/event1: 0003 0036 00004521
[    3235.411227] /dev/input/event1: 0000 0000 00000000
[    3235.422410] /dev/input/event1: 0003 0035 0000512e
[    3235.422410] /dev/input/event1: 0003 0036 00004410
[    3235.422410] /dev/input/event1: 0000 0000 00000000
[    3235.434241] /dev/input/event1: 0003 0035 00005189
[    3235.434241] /dev/input/event1: 0003 0036 000042ff
[    3235.434241] /dev/input/event1: 0000 0000 00000000
[    3235.445445] /dev/input/event1: 0003 0035 00005221
[    3235.445445] /dev/input/event1: 0003 0036 00004099
[    3235.445445] /dev/input/event1: 0000 0000 00000000
[    3235.456372] /dev/input/event1: 0003 0035 0000527c
[    3235.456372] /dev/input/event1: 0003 0036 00003fdd
[    3235.456372] /dev/input/event1: 0000 0000 00000000
[    3235.468208] /dev/input/event1: 0003 0035 000052b9
[    3235.468208] /dev/input/event1: 0003 0036 00003dcc
[    3235.468208] /dev/input/event1: 0000 0000 00000000
[    3235.478619] /dev/input/event1: 0003 0035 00005314
[    3235.478619] /dev/input/event1: 0003 0036 00003cbb
[    3235.478619] /dev/input/event1: 0000 0000 00000000
[    3235.490145] /dev/input/event1: 0003 0035 0000536f
[    3235.490145] /dev/input/event1: 0003 0036 00003bff
[    3235.490145] /dev/input/event1: 0000 0000 00000000
[    3235.501199] /dev/input/event1: 0003 0035 000053ab
[    3235.501199] /dev/input/event1: 0003 0036 000039bb
[    3235.501199] /dev/input/event1: 0000 0000 00000000
[    3235.512517] /dev/input/event1: 0003 0035 00005406
[    3235.512517] /dev/input/event1: 0003 0036 000038dd
[    3235.512517] /dev/input/event1: 0000 0000 00000000
[    3235.523775] /dev/input/event1: 0003 0035 00005461
[    3235.523775] /dev/input/event1: 0003 0036 00003699
[    3235.523775] /dev/input/event1: 0000 0000 00000000
[    3235.535311] /dev/input/event1: 0003 0035 0000549e
[    3235.535311] /dev/input/event1: 0003 0036 00003588
[    3235.535311] /dev/input/event1: 0000 0000 00000000
[    3235.546314] /dev/input/event1: 0003 0035 000054f9
[    3235.546314] /dev/input/event1: 0003 0036 000034aa
[    3235.546314] /dev/input/event1: 0000 0000 00000000
[    3235.557146] /dev/input/event1: 0003 0035 00005554
[    3235.557146] /dev/input/event1: 0003 0036 000032bb
[    3235.557146] /dev/input/event1: 0000 0000 00000000
[    3235.568808] /dev/input/event1: 0003 0035 00005591
[    3235.568808] /dev/input/event1: 0003 0036 00003232
[    3235.568808] /dev/input/event1: 0000 0000 00000000
[    3235.579887] /dev/input/event1: 0003 0035 000055ec
[    3235.579887] /dev/input/event1: 0003 0036 00003077
[    3235.579887] /dev/input/event1: 0000 0000 00000000
[    3235.592115] /dev/input/event1: 0003 0036 00002fee
[    3235.592115] /dev/input/event1: 0000 0000 00000000
[    3235.602451] /dev/input/event1: 0003 0036 00002f43
[    3235.602451] /dev/input/event1: 0000 0000 00000000
[    3235.613724] /dev/input/event1: 0003 0035 00005629
[    3235.613724] /dev/input/event1: 0003 0036 00002daa
[    3235.613724] /dev/input/event1: 0000 0000 00000000
[    3235.625102] /dev/input/event1: 0003 0035 00005684
[    3235.625102] /dev/input/event1: 0003 0036 00002cff
[    3235.625102] /dev/input/event1: 0000 0000 00000000
[    3235.635959] /dev/input/event1: 0003 0036 00002c77
[    3235.635959] /dev/input/event1: 0000 0000 00000000
[    3235.647190] /dev/input/event1: 0003 0035 000056df
[    3235.647190] /dev/input/event1: 0003 0036 00002a88
[    3235.647190] /dev/input/event1: 0000 0000 00000000
[    3235.658486] /dev/input/event1: 0003 0035 0000571b
[    3235.658486] /dev/input/event1: 0003 0036 000029cc
[    3235.658486] /dev/input/event1: 0000 0000 00000000
[    3235.670967] /dev/input/event1: 0003 0035 00005776
[    3235.670967] /dev/input/event1: 0003 0036 00002866
[    3235.670967] /dev/input/event1: 0000 0000 00000000
[    3235.681472] /dev/input/event1: 0003 0036 000027dd
[    3235.681472] /dev/input/event1: 0000 0000 00000000
[    3235.692674] /dev/input/event1: 0003 0035 000057d1
[    3235.692674] /dev/input/event1: 0003 0036 00002755
[    3235.692674] /dev/input/event1: 0000 0000 00000000
[    3235.704817] /dev/input/event1: 0003 0035 0000580e
[    3235.704817] /dev/input/event1: 0003 0036 000025ee
[    3235.704817] /dev/input/event1: 0000 0000 00000000
[    3235.715397] /dev/input/event1: 0003 0035 00005869
[    3235.715397] /dev/input/event1: 0003 0036 00002599
[    3235.715397] /dev/input/event1: 0000 0000 00000000
[    3235.727858] /dev/input/event1: 0003 0036 00002488
[    3235.727858] /dev/input/event1: 0000 0000 00000000
[    3235.737710] /dev/input/event1: 0003 0036 00002410
[    3235.737710] /dev/input/event1: 0000 0000 00000000
[    3235.749509] /dev/input/event1: 0003 0036 00002388
[    3235.749509] /dev/input/event1: 0000 0000 00000000
[    3235.759513] /dev/input/event1: 0003 0036 00002277
[    3235.759513] /dev/input/event1: 0000 0000 00000000
[    3235.771083] /dev/input/event1: 0003 0035 000058a6
[    3235.771083] /dev/input/event1: 0003 0036 000021ee
[    3235.771083] /dev/input/event1: 0000 0000 00000000
[    3235.782367] /dev/input/event1: 0003 0036 00002144
[    3235.782367] /dev/input/event1: 0000 0000 00000000
[    3235.793390] /dev/input/event1: 0003 0036 00002110
[    3235.793390] /dev/input/event1: 0000 0000 00000000
[    3235.806761] /dev/input/event1: 0003 0036 000020dd
[    3235.806761] /dev/input/event1: 0000 0000 00000000
[    3235.817006] /dev/input/event1: 0003 0035 00005901
[    3235.817006] /dev/input/event1: 0003 0036 00002055
[    3235.817006] /dev/input/event1: 0000 0000 00000000
[    3235.827288] /dev/input/event1: 0003 0036 00001fff
[    3235.827288] /dev/input/event1: 0000 0000 00000000
[    3235.838486] /dev/input/event1: 0003 0036 00001fdd
[    3235.838486] /dev/input/event1: 0000 0000 00000000
[    3235.849904] /dev/input/event1: 0003 0036 00001f77
[    3235.849904] /dev/input/event1: 0000 0000 00000000
[    3235.861300] /dev/input/event1: 0003 0036 00001f55
[    3235.861300] /dev/input/event1: 0000 0000 00000000
[    3235.872728] /dev/input/event1: 0003 0036 00001f21
[    3235.872728] /dev/input/event1: 0000 0000 00000000
[    3235.906884] /dev/input/event1: 0003 0036 00001eee
[    3235.906884] /dev/input/event1: 0000 0000 00000000
[    3235.917098] /dev/input/event1: 0003 0036 00001ecc
[    3235.917098] /dev/input/event1: 0000 0000 00000000
[    3235.998870] /dev/input/event1: 0003 003a 00000000
[    3235.998870] /dev/input/event1: 0003 0039 ffffffff
[    3235.998870] /dev/input/event1: 0000 0000 00000000
[    3236.628101] /dev/input/event1: 0003 0039 00000000
[    3236.628101] /dev/input/event1: 0003 0035 000047f0
[    3236.628101] /dev/input/event1: 0003 0036 000030aa
[    3236.628101] /dev/input/event1: 0003 003a 00000400
[    3236.628101] /dev/input/event1: 0000 0000 00000000
[    3236.648388] /dev/input/event1: 0003 0036 00003077
[    3236.648388] /dev/input/event1: 0000 0000 00000000
[    3236.682178] /dev/input/event1: 0003 0036 000030aa
[    3236.682178] /dev/input/event1: 0000 0000 00000000
[    3236.693521] /dev/input/event1: 0003 0036 00003154
[    3236.693521] /dev/input/event1: 0000 0000 00000000
[    3236.705113] /dev/input/event1: 0003 0036 000032ee
[    3236.705113] /dev/input/event1: 0000 0000 00000000
[    3236.716179] /dev/input/event1: 0003 0036 00003399
[    3236.716179] /dev/input/event1: 0000 0000 00000000
[    3236.727460] /dev/input/event1: 0003 0035 0000482c
[    3236.727460] /dev/input/event1: 0003 0036 00003477
[    3236.727460] /dev/input/event1: 0000 0000 00000000
[    3236.738241] /dev/input/event1: 0003 0035 00004887
[    3236.738241] /dev/input/event1: 0003 0036 000036ee
[    3236.738241] /dev/input/event1: 0000 0000 00000000
[    3236.749946] /dev/input/event1: 0003 0036 00003832
[    3236.749946] /dev/input/event1: 0000 0000 00000000
[    3236.761296] /dev/input/event1: 0003 0035 000048c4
[    3236.761296] /dev/input/event1: 0003 0036 00003acc
[    3236.761296] /dev/input/event1: 0000 0000 00000000
[    3236.773117] /dev/input/event1: 0003 0036 00003baa
[    3236.773117] /dev/input/event1: 0000 0000 00000000
[    3236.784134] /dev/input/event1: 0003 0036 00003cee
[    3236.784134] /dev/input/event1: 0000 0000 00000000
[    3236.795167] /dev/input/event1: 0003 0035 0000491f
[    3236.795167] /dev/input/event1: 0003 0036 00003f32
[    3236.795167] /dev/input/event1: 0000 0000 00000000
[    3236.808496] /dev/input/event1: 0003 0036 00004032
[    3236.808496] /dev/input/event1: 0000 0000 00000000
[    3236.817278] /dev/input/event1: 0003 0036 00004121
[    3236.817278] /dev/input/event1: 0000 0000 00000000
[    3236.829190] /dev/input/event1: 0003 0036 00004365
[    3236.829190] /dev/input/event1: 0000 0000 00000000
[    3236.840554] /dev/input/event1: 0003 0036 00004465
[    3236.840554] /dev/input/event1: 0000 0000 00000000
[    3236.851374] /dev/input/event1: 0003 0036 00004687
[    3236.851374] /dev/input/event1: 0000 0000 00000000
[    3236.862672] /dev/input/event1: 0003 0036 00004765
[    3236.862672] /dev/input/event1: 0000 0000 00000000
[    3236.873865] /dev/input/event1: 0003 0036 00004821
[    3236.873865] /dev/input/event1: 0000 0000 00000000
[    3236.885199] /dev/input/event1: 0003 0036 00004a10
[    3236.885199] /dev/input/event1: 0000 0000 00000000
[    3236.896092] /dev/input/event1: 0003 0036 00004abb
[    3236.896092] /dev/input/event1: 0000 0000 00000000
[    3236.907697] /dev/input/event1: 0003 0035 000048c4
[    3236.907697] /dev/input/event1: 0003 0036 00004cdd
[    3236.907697] /dev/input/event1: 0000 0000 00000000
[    3236.918403] /dev/input/event1: 0003 0035 00004887
[    3236.918403] /dev/input/event1: 0003 0036 00004ddd
[    3236.918403] /dev/input/event1: 0000 0000 00000000
[    3236.929559] /dev/input/event1: 0003 0036 00004e98
[    3236.929559] /dev/input/event1: 0000 0000 00000000
[    3236.941678] /dev/input/event1: 0003 0035 000047f0
[    3236.941678] /dev/input/event1: 0003 0036 000050aa
[    3236.941678] /dev/input/event1: 0000 0000 00000000
[    3236.952229] /dev/input/event1: 0003 0036 00005187
[    3236.952229] /dev/input/event1: 0000 0000 00000000
[    3236.963294] /dev/input/event1: 0003 0036 00005376
[    3236.963294] /dev/input/event1: 0000 0000 00000000
[    3236.975315] /dev/input/event1: 0003 0036 000053ff
[    3236.975315] /dev/input/event1: 0000 0000 00000000
[    3236.986723] /dev/input/event1: 0003 0035 00004795
[    3236.986723] /dev/input/event1: 0003 0036 000054bb
[    3236.986723] /dev/input/event1: 0000 0000 00000000
[    3236.997050] /dev/input/event1: 0003 0036 000055ee
[    3236.997050] /dev/input/event1: 0000 0000 00000000
[    3237.008838] /dev/input/event1: 0003 0036 00005676
[    3237.008838] /dev/input/event1: 0000 0000 00000000
[    3237.020082] /dev/input/event1: 0003 0036 000056cc
[    3237.020082] /dev/input/event1: 0000 0000 00000000
[    3237.031348] /dev/input/event1: 0003 0036 00005832
[    3237.031348] /dev/input/event1: 0000 0000 00000000
[    3237.042269] /dev/input/event1: 0003 0036 000058bb
[    3237.042269] /dev/input/event1: 0000 0000 00000000
[    3237.053678] /dev/input/event1: 0003 0035 0000473a
[    3237.053678] /dev/input/event1: 0003 0036 00005a76
[    3237.053678] /dev/input/event1: 0000 0000 00000000
[    3237.064966] /dev/input/event1: 0003 0035 000046fd
[    3237.064966] /dev/input/event1: 0003 0036 00005b32
[    3237.064966] /dev/input/event1: 0000 0000 00000000
[    3237.076136] /dev/input/event1: 0003 0036 00005bbb
[    3237.076136] /dev/input/event1: 0000 0000 00000000
[    3237.087009] /dev/input/event1: 0003 0035 000046a2
[    3237.087009] /dev/input/event1: 0003 0036 00005cee
[    3237.087009] /dev/input/event1: 0000 0000 00000000
[    3237.098096] /dev/input/event1: 0003 0036 00005d76
[    3237.098096] /dev/input/event1: 0000 0000 00000000
[    3237.110063] /dev/input/event1: 0003 0036 00005dff
[    3237.110063] /dev/input/event1: 0000 0000 00000000
[    3237.132288] /dev/input/event1: 0003 0036 00005e32
[    3237.132288] /dev/input/event1: 0000 0000 00000000
[    3237.178346] /dev/input/event1: 0003 003a 00000000
[    3237.178346] /dev/input/event1: 0003 0039 ffffffff
[    3237.178346] /dev/input/event1: 0000 0000 00000000
[    3237.831860] /dev/input/event1: 0003 0039 00000000
[    3237.831860] /dev/input/event1: 0003 0035 00001d45
[    32